This file contains any messages produced by compilers while
running configure, to aid debugging if configure makes a mistake.

It was created by clipper configure 2.1, which was
generated by GNU Autoconf 2.69.  Invocation command line was

  $ ./configure CXXFLAGS=-std=c++11 --enable-mmdb --enable-minimol --enable-cif --enable-fortran --enable-ccp4 F77=gfortran --prefix=/home/swh514/Projects/dependencies/fftw

## --------- ##
## Platform. ##
## --------- ##

hostname = minato
uname -m = x86_64
uname -r = 5.4.0-122-generic
uname -s = Linux
uname -v = #138-Ubuntu SMP Wed Jun 22 15:00:31 UTC 2022

/usr/bin/uname -p = x86_64
/bin/uname -X     = unknown

/bin/arch              = x86_64
/usr/bin/arch -k       = unknown
/usr/convex/getsysinfo = unknown
/usr/bin/hostinfo      = unknown
/bin/machine           = unknown
/usr/bin/oslevel       = unknown
/bin/universe          = unknown

PATH: /home/swh514/.local/bin
PATH: /home/swh514/bin
PATH: /home/swh514/miniconda3/condabin
PATH: /home/swh514/.local/bin
PATH: /home/swh514/bin
PATH: /usr/local/sbin
PATH: /usr/local/bin
PATH: /usr/sbin
PATH: /usr/bin
PATH: /sbin
PATH: /bin
PATH: /usr/games
PATH: /usr/local/games
PATH: /snap/bin


## ----------- ##
## Core tests. ##
## ----------- ##

configure:2614: checking for a BSD-compatible install
configure:2682: result: /usr/bin/install -c
configure:2693: checking whether build environment is sane
configure:2748: result: yes
configure:2897: checking for a thread-safe mkdir -p
configure:2936: result: /usr/bin/mkdir -p
configure:2943: checking for gawk
configure:2959: found /usr/bin/gawk
configure:2970: result: gawk
configure:2981: checking whether make sets $(MAKE)
configure:3003: result: yes
configure:3032: checking whether make supports nested variables
configure:3049: result: yes
configure:3182: checking for gcc
configure:3209: result: /usr/bin/gcc
configure:3438: checking for C compiler version
configure:3447: /usr/bin/gcc --version >&5
gcc (Ubuntu 9.4.0-1ubuntu1~20.04.1) 9.4.0
Copyright (C) 2019 Free Software Foundation, Inc.
This is free software; see the source for copying conditions.  There is NO
warranty; not even for MERCHANTABILITY or FITNESS FOR A PARTICULAR PURPOSE.

configure:3458: $? = 0
configure:3447: /usr/bin/gcc -v >&5
Using built-in specs.
COLLECT_GCC=/usr/bin/gcc
COLLECT_LTO_WRAPPER=/usr/lib/gcc/x86_64-linux-gnu/9/lto-wrapper
OFFLOAD_TARGET_NAMES=nvptx-none:hsa
OFFLOAD_TARGET_DEFAULT=1
Target: x86_64-linux-gnu
Configured with: ../src/configure -v --with-pkgversion='Ubuntu 9.4.0-1ubuntu1~20.04.1' --with-bugurl=file:///usr/share/doc/gcc-9/README.Bugs --enable-languages=c,ada,c++,go,brig,d,fortran,objc,obj-c++,gm2 --prefix=/usr --with-gcc-major-version-only --program-suffix=-9 --program-prefix=x86_64-linux-gnu- --enable-shared --enable-linker-build-id --libexecdir=/usr/lib --without-included-gettext --enable-threads=posix --libdir=/usr/lib --enable-nls --enable-clocale=gnu --enable-libstdcxx-debug --enable-libstdcxx-time=yes --with-default-libstdcxx-abi=new --enable-gnu-unique-object --disable-vtable-verify --enable-plugin --enable-default-pie --with-system-zlib --with-target-system-zlib=auto --enable-objc-gc=auto --enable-multiarch --disable-werror --with-arch-32=i686 --with-abi=m64 --with-multilib-list=m32,m64,mx32 --enable-multilib --with-tune=generic --enable-offload-targets=nvptx-none=/build/gcc-9-Av3uEd/gcc-9-9.4.0/debian/tmp-nvptx/usr,hsa --without-cuda-driver --enable-checking=release --build=x86_64-linux-gnu --host=x86_64-linux-gnu --target=x86_64-linux-gnu
Thread model: posix
gcc version 9.4.0 (Ubuntu 9.4.0-1ubuntu1~20.04.1) 
configure:3458: $? = 0
configure:3447: /usr/bin/gcc -V >&5
gcc: error: unrecognized command line option '-V'
gcc: fatal error: no input files
compilation terminated.
configure:3458: $? = 1
configure:3447: /usr/bin/gcc -qversion >&5
gcc: error: unrecognized command line option '-qversion'; did you mean '--version'?
gcc: fatal error: no input files
compilation terminated.
configure:3458: $? = 1
configure:3478: checking whether the C compiler works
configure:3500: /usr/bin/gcc  -I/home/swh514/Projects/dependencies/fftw/include -L/home/swh514/Projects/dependencies/fftw/lib -L/home/swh514/Projects/dependencies/fftw/lib64 conftest.c  >&5
configure:3504: $? = 0
configure:3552: result: yes
configure:3555: checking for C compiler default output file name
configure:3557: result: a.out
configure:3563: checking for suffix of executables
configure:3570: /usr/bin/gcc -o conftest  -I/home/swh514/Projects/dependencies/fftw/include -L/home/swh514/Projects/dependencies/fftw/lib -L/home/swh514/Projects/dependencies/fftw/lib64 conftest.c  >&5
configure:3574: $? = 0
configure:3596: result: 
configure:3618: checking whether we are cross compiling
configure:3626: /usr/bin/gcc -o conftest  -I/home/swh514/Projects/dependencies/fftw/include -L/home/swh514/Projects/dependencies/fftw/lib -L/home/swh514/Projects/dependencies/fftw/lib64 conftest.c  >&5
configure:3630: $? = 0
configure:3637: ./conftest
configure:3641: $? = 0
configure:3629: result: no
configure:3634: checking for suffix of object files
configure:3656: /usr/bin/gcc -c  -I/home/swh514/Projects/dependencies/fftw/include conftest.c >&5
configure:3660: $? = 0
configure:3681: result: o
configure:3685: checking whether we are using the GNU C compiler
configure:3704: /usr/bin/gcc -c  -I/home/swh514/Projects/dependencies/fftw/include conftest.c >&5
configure:3704: $? = 0
configure:3713: result: yes
configure:3722: checking whether /usr/bin/gcc accepts -g
configure:3742: /usr/bin/gcc -c -g -I/home/swh514/Projects/dependencies/fftw/include conftest.c >&5
configure:3742: $? = 0
configure:3783: result: yes
configure:3800: checking for /usr/bin/gcc option to accept ISO C89
configure:3863: /usr/bin/gcc  -c -g -O2 -I/home/swh514/Projects/dependencies/fftw/include conftest.c >&5
configure:3863: $? = 0
configure:3876: result: none needed
configure:3907: checking for style of include used by make
configure:3935: result: GNU
configure:3961: checking dependency style of /usr/bin/gcc
configure:4072: result: gcc3
configure:4199: checking for C++ compiler version
configure:4208: /usr/bin/g++ --version >&5
g++ (Ubuntu 9.4.0-1ubuntu1~20.04.1) 9.4.0
Copyright (C) 2019 Free Software Foundation, Inc.
This is free software; see the source for copying conditions.  There is NO
warranty; not even for MERCHANTABILITY or FITNESS FOR A PARTICULAR PURPOSE.

configure:4219: $? = 0
configure:4208: /usr/bin/g++ -v >&5
Using built-in specs.
COLLECT_GCC=/usr/bin/g++
COLLECT_LTO_WRAPPER=/usr/lib/gcc/x86_64-linux-gnu/9/lto-wrapper
OFFLOAD_TARGET_NAMES=nvptx-none:hsa
OFFLOAD_TARGET_DEFAULT=1
Target: x86_64-linux-gnu
Configured with: ../src/configure -v --with-pkgversion='Ubuntu 9.4.0-1ubuntu1~20.04.1' --with-bugurl=file:///usr/share/doc/gcc-9/README.Bugs --enable-languages=c,ada,c++,go,brig,d,fortran,objc,obj-c++,gm2 --prefix=/usr --with-gcc-major-version-only --program-suffix=-9 --program-prefix=x86_64-linux-gnu- --enable-shared --enable-linker-build-id --libexecdir=/usr/lib --without-included-gettext --enable-threads=posix --libdir=/usr/lib --enable-nls --enable-clocale=gnu --enable-libstdcxx-debug --enable-libstdcxx-time=yes --with-default-libstdcxx-abi=new --enable-gnu-unique-object --disable-vtable-verify --enable-plugin --enable-default-pie --with-system-zlib --with-target-system-zlib=auto --enable-objc-gc=auto --enable-multiarch --disable-werror --with-arch-32=i686 --with-abi=m64 --with-multilib-list=m32,m64,mx32 --enable-multilib --with-tune=generic --enable-offload-targets=nvptx-none=/build/gcc-9-Av3uEd/gcc-9-9.4.0/debian/tmp-nvptx/usr,hsa --without-cuda-driver --enable-checking=release --build=x86_64-linux-gnu --host=x86_64-linux-gnu --target=x86_64-linux-gnu
Thread model: posix
gcc version 9.4.0 (Ubuntu 9.4.0-1ubuntu1~20.04.1) 
configure:4219: $? = 0
configure:4208: /usr/bin/g++ -V >&5
g++: error: unrecognized command line option '-V'
g++: fatal error: no input files
compilation terminated.
configure:4219: $? = 1
configure:4208: /usr/bin/g++ -qversion >&5
g++: error: unrecognized command line option '-qversion'; did you mean '--version'?
g++: fatal error: no input files
compilation terminated.
configure:4219: $? = 1
configure:4223: checking whether we are using the GNU C++ compiler
configure:4242: /usr/bin/g++ -c -std=c++11 -I/home/swh514/Projects/dependencies/fftw/include conftest.cpp >&5
configure:4242: $? = 0
configure:4251: result: yes
configure:4260: checking whether /usr/bin/g++ accepts -g
configure:4280: /usr/bin/g++ -c -g -I/home/swh514/Projects/dependencies/fftw/include conftest.cpp >&5
configure:4280: $? = 0
configure:4321: result: yes
configure:4346: checking dependency style of /usr/bin/g++
configure:4457: result: gcc3
configure:4522: checking for ar
configure:4538: found /usr/bin/ar
configure:4549: result: ar
configure:4575: checking the archiver (ar) interface
configure:4585: /usr/bin/gcc -c -g -O2 -I/home/swh514/Projects/dependencies/fftw/include conftest.c >&5
configure:4585: $? = 0
configure:4587: ar cru libconftest.a conftest.o >&5
ar: `u' modifier ignored since `D' is the default (see `U')
configure:4590: $? = 0
configure:4589: result: ar
configure:4640: checking build system type
configure:4654: result: x86_64-unknown-linux-gnu
configure:4674: checking host system type
configure:4687: result: x86_64-unknown-linux-gnu
configure:4728: checking how to print strings
configure:4755: result: printf
configure:4776: checking for a sed that does not truncate output
configure:4840: result: /usr/bin/sed
configure:4858: checking for grep that handles long lines and -e
configure:4916: result: /usr/bin/grep
configure:4921: checking for egrep
configure:4983: result: /usr/bin/grep -E
configure:4988: checking for fgrep
configure:5050: result: /usr/bin/grep -F
configure:5085: checking for ld used by /usr/bin/gcc
configure:5152: result: /usr/bin/ld
configure:5159: checking if the linker (/usr/bin/ld) is GNU ld
configure:5174: result: yes
configure:5186: checking for BSD- or MS-compatible name lister (nm)
configure:5235: result: /usr/bin/nm -B
configure:5365: checking the name lister (/usr/bin/nm -B) interface
configure:5372: /usr/bin/gcc -c -g -O2 -I/home/swh514/Projects/dependencies/fftw/include conftest.c >&5
configure:5375: /usr/bin/nm -B "conftest.o"
configure:5378: output
0000000000000000 B some_variable
configure:5379: result: BSD nm
configure:5382: checking whether ln -s works
configure:5386: result: yes
configure:5394: checking the maximum length of command line arguments
configure:5524: result: 1572864
configure:5541: checking whether the shell understands some XSI constructs
configure:5550: result: yes
configure:5554: checking whether the shell understands "+="
configure:5558: result: yes
configure:5593: checking how to convert x86_64-unknown-linux-gnu file names to x86_64-unknown-linux-gnu format
configure:5633: result: func_convert_file_noop
configure:5640: checking how to convert x86_64-unknown-linux-gnu file names to toolchain format
configure:5660: result: func_convert_file_noop
configure:5667: checking for /usr/bin/ld option to reload object files
configure:5674: result: -r
configure:5748: checking for objdump
configure:5764: found /usr/bin/objdump
configure:5775: result: objdump
configure:5807: checking how to recognize dependent libraries
configure:6009: result: pass_all
configure:6094: checking for dlltool
configure:6124: result: no
configure:6154: checking how to associate runtime and link libraries
configure:6181: result: printf %s\n
configure:6305: checking for archiver @FILE support
configure:6322: /usr/bin/gcc -c -g -O2 -I/home/swh514/Projects/dependencies/fftw/include conftest.c >&5
configure:6322: $? = 0
configure:6325: ar cru libconftest.a @conftest.lst >&5
ar: `u' modifier ignored since `D' is the default (see `U')
configure:6328: $? = 0
configure:6333: ar cru libconftest.a @conftest.lst >&5
ar: `u' modifier ignored since `D' is the default (see `U')
ar: conftest.o: No such file or directory
configure:6336: $? = 1
configure:6335: result: @
configure:6393: checking for strip
configure:6409: found /usr/bin/strip
configure:6420: result: strip
configure:6492: checking for ranlib
configure:6508: found /usr/bin/ranlib
configure:6519: result: ranlib
configure:6621: checking command to parse /usr/bin/nm -B output from /usr/bin/gcc object
configure:6741: /usr/bin/gcc -c -g -O2 -I/home/swh514/Projects/dependencies/fftw/include conftest.c >&5
configure:6744: $? = 0
configure:6748: /usr/bin/nm -B conftest.o \| sed -n -e 's/^.*[ ]\([ABCDGIRSTW][ABCDGIRSTW]*\)[ ][ ]*\([_A-Za-z][_A-Za-z0-9]*\)$/\1 \2 \2/p' | sed '/ __gnu_lto/d' \> conftest.nm
configure:6751: $? = 0
configure:6817: /usr/bin/gcc -o conftest -g -O2 -I/home/swh514/Projects/dependencies/fftw/include -L/home/swh514/Projects/dependencies/fftw/lib -L/home/swh514/Projects/dependencies/fftw/lib64 conftest.c conftstm.o >&5
configure:6820: $? = 0
configure:6858: result: ok
configure:6895: checking for sysroot
configure:6925: result: no
configure:7002: /usr/bin/gcc -c -g -O2 -I/home/swh514/Projects/dependencies/fftw/include conftest.c >&5
configure:7005: $? = 0
configure:7181: checking for mt
configure:7197: found /usr/bin/mt
configure:7208: result: mt
configure:7231: checking if mt is a manifest tool
configure:7237: mt '-?'
configure:7245: result: no
configure:7887: checking how to run the C preprocessor
configure:7918: /usr/bin/gcc -E -I/home/swh514/Projects/dependencies/fftw/include conftest.c
configure:7918: $? = 0
configure:7932: /usr/bin/gcc -E -I/home/swh514/Projects/dependencies/fftw/include conftest.c
conftest.c:11:10: fatal error: ac_nonexistent.h: No such file or directory
   11 | #include <ac_nonexistent.h>
      |          ^~~~~~~~~~~~~~~~~~
compilation terminated.
configure:7932: $? = 1
configure: failed program was:
| /* confdefs.h */
| #define PACKAGE_NAME "clipper"
| #define PACKAGE_TARNAME "clipper"
| #define PACKAGE_VERSION "2.1"
| #define PACKAGE_STRING "clipper 2.1"
| #define PACKAGE_BUGREPORT ""
| #define PACKAGE_URL ""
| #define PACKAGE "clipper"
| #define VERSION "2.1"
| /* end confdefs.h.  */
| #include <ac_nonexistent.h>
configure:7957: result: /usr/bin/gcc -E
configure:7977: /usr/bin/gcc -E -I/home/swh514/Projects/dependencies/fftw/include conftest.c
configure:7977: $? = 0
configure:7991: /usr/bin/gcc -E -I/home/swh514/Projects/dependencies/fftw/include conftest.c
conftest.c:11:10: fatal error: ac_nonexistent.h: No such file or directory
   11 | #include <ac_nonexistent.h>
      |          ^~~~~~~~~~~~~~~~~~
compilation terminated.
configure:7991: $? = 1
configure: failed program was:
| /* confdefs.h */
| #define PACKAGE_NAME "clipper"
| #define PACKAGE_TARNAME "clipper"
| #define PACKAGE_VERSION "2.1"
| #define PACKAGE_STRING "clipper 2.1"
| #define PACKAGE_BUGREPORT ""
| #define PACKAGE_URL ""
| #define PACKAGE "clipper"
| #define VERSION "2.1"
| /* end confdefs.h.  */
| #include <ac_nonexistent.h>
configure:8020: checking for ANSI C header files
configure:8040: /usr/bin/gcc -c -g -O2 -I/home/swh514/Projects/dependencies/fftw/include conftest.c >&5
configure:8040: $? = 0
configure:8113: /usr/bin/gcc -o conftest -g -O2 -I/home/swh514/Projects/dependencies/fftw/include -L/home/swh514/Projects/dependencies/fftw/lib -L/home/swh514/Projects/dependencies/fftw/lib64 conftest.c  >&5
configure:8113: $? = 0
configure:8113: ./conftest
configure:8113: $? = 0
configure:8124: result: yes
configure:8137: checking for sys/types.h
configure:8137: /usr/bin/gcc -c -g -O2 -I/home/swh514/Projects/dependencies/fftw/include conftest.c >&5
configure:8137: $? = 0
configure:8137: result: yes
configure:8137: checking for sys/stat.h
configure:8137: /usr/bin/gcc -c -g -O2 -I/home/swh514/Projects/dependencies/fftw/include conftest.c >&5
configure:8137: $? = 0
configure:8137: result: yes
configure:8137: checking for stdlib.h
configure:8137: /usr/bin/gcc -c -g -O2 -I/home/swh514/Projects/dependencies/fftw/include conftest.c >&5
configure:8137: $? = 0
configure:8137: result: yes
configure:8137: checking for string.h
configure:8137: /usr/bin/gcc -c -g -O2 -I/home/swh514/Projects/dependencies/fftw/include conftest.c >&5
configure:8137: $? = 0
configure:8137: result: yes
configure:8137: checking for memory.h
configure:8137: /usr/bin/gcc -c -g -O2 -I/home/swh514/Projects/dependencies/fftw/include conftest.c >&5
configure:8137: $? = 0
configure:8137: result: yes
configure:8137: checking for strings.h
configure:8137: /usr/bin/gcc -c -g -O2 -I/home/swh514/Projects/dependencies/fftw/include conftest.c >&5
configure:8137: $? = 0
configure:8137: result: yes
configure:8137: checking for inttypes.h
configure:8137: /usr/bin/gcc -c -g -O2 -I/home/swh514/Projects/dependencies/fftw/include conftest.c >&5
configure:8137: $? = 0
configure:8137: result: yes
configure:8137: checking for stdint.h
configure:8137: /usr/bin/gcc -c -g -O2 -I/home/swh514/Projects/dependencies/fftw/include conftest.c >&5
configure:8137: $? = 0
configure:8137: result: yes
configure:8137: checking for unistd.h
configure:8137: /usr/bin/gcc -c -g -O2 -I/home/swh514/Projects/dependencies/fftw/include conftest.c >&5
configure:8137: $? = 0
configure:8137: result: yes
configure:8151: checking for dlfcn.h
configure:8151: /usr/bin/gcc -c -g -O2 -I/home/swh514/Projects/dependencies/fftw/include conftest.c >&5
configure:8151: $? = 0
configure:8151: result: yes
configure:8367: checking for objdir
configure:8382: result: .libs
configure:8653: checking if /usr/bin/gcc supports -fno-rtti -fno-exceptions
configure:8671: /usr/bin/gcc -c -g -O2 -I/home/swh514/Projects/dependencies/fftw/include -fno-rtti -fno-exceptions conftest.c >&5
cc1: warning: command line option '-fno-rtti' is valid for C++/D/ObjC++ but not for C
configure:8675: $? = 0
configure:8688: result: no
configure:9015: checking for /usr/bin/gcc option to produce PIC
configure:9022: result: -fPIC -DPIC
configure:9030: checking if /usr/bin/gcc PIC flag -fPIC -DPIC works
configure:9048: /usr/bin/gcc -c -g -O2 -I/home/swh514/Projects/dependencies/fftw/include -fPIC -DPIC -DPIC conftest.c >&5
configure:9052: $? = 0
configure:9065: result: yes
configure:9094: checking if /usr/bin/gcc static flag -static works
configure:9122: result: yes
configure:9137: checking if /usr/bin/gcc supports -c -o file.o
configure:9158: /usr/bin/gcc -c -g -O2 -I/home/swh514/Projects/dependencies/fftw/include -o out/conftest2.o conftest.c >&5
configure:9162: $? = 0
configure:9184: result: yes
configure:9192: checking if /usr/bin/gcc supports -c -o file.o
configure:9239: result: yes
configure:9272: checking whether the /usr/bin/gcc linker (/usr/bin/ld -m elf_x86_64) supports shared libraries
configure:10425: result: yes
configure:10665: checking dynamic linker characteristics
configure:11176: /usr/bin/gcc -o conftest -g -O2 -I/home/swh514/Projects/dependencies/fftw/include -L/home/swh514/Projects/dependencies/fftw/lib -L/home/swh514/Projects/dependencies/fftw/lib64 -Wl,-rpath -Wl,/foo conftest.c  >&5
configure:11176: $? = 0
configure:11402: result: GNU/Linux ld.so
configure:11509: checking how to hardcode library paths into programs
configure:11534: result: immediate
configure:12074: checking whether stripping libraries is possible
configure:12079: result: yes
configure:12114: checking if libtool supports shared libraries
configure:12116: result: yes
configure:12119: checking whether to build shared libraries
configure:12140: result: no
configure:12143: checking whether to build static libraries
configure:12147: result: yes
configure:9176: checking how to run the C++ preprocessor
configure:9203: /usr/bin/g++ -E -I/home/swh514/Projects/dependencies/fftw/include conftest.cpp
configure:9203: $? = 0
configure:9217: /usr/bin/g++ -E -I/home/swh514/Projects/dependencies/fftw/include conftest.cpp
conftest.cpp:23:10: fatal error: ac_nonexistent.h: No such file or directory
   23 | #include <ac_nonexistent.h>
      |          ^~~~~~~~~~~~~~~~~~
compilation terminated.
configure:9217: $? = 1
configure: failed program was:
| /* confdefs.h */
| #define PACKAGE_NAME "clipper"
| #define PACKAGE_TARNAME "clipper"
| #define PACKAGE_VERSION "2.1"
| #define PACKAGE_STRING "clipper 2.1"
| #define PACKAGE_BUGREPORT ""
| #define PACKAGE_URL ""
| #define PACKAGE "clipper"
| #define VERSION "2.1"
| #define STDC_HEADERS 1
| #define HAVE_SYS_TYPES_H 1
| #define HAVE_SYS_STAT_H 1
| #define HAVE_STDLIB_H 1
| #define HAVE_STRING_H 1
| #define HAVE_MEMORY_H 1
| #define HAVE_STRINGS_H 1
| #define HAVE_INTTYPES_H 1
| #define HAVE_STDINT_H 1
| #define HAVE_UNISTD_H 1
| #define HAVE_DLFCN_H 1
| #define LT_OBJDIR ".libs/"
| /* end confdefs.h.  */
| #include <ac_nonexistent.h>
configure:9242: result: /usr/bin/g++ -E
configure:9262: /usr/bin/g++ -E -I/home/swh514/Projects/dependencies/fftw/include conftest.cpp
configure:9262: $? = 0
configure:9276: /usr/bin/g++ -E -I/home/swh514/Projects/dependencies/fftw/include conftest.cpp
conftest.cpp:23:10: fatal error: ac_nonexistent.h: No such file or directory
   23 | #include <ac_nonexistent.h>
      |          ^~~~~~~~~~~~~~~~~~
compilation terminated.
configure:9276: $? = 1
configure: failed program was:
| /* confdefs.h */
| #define PACKAGE_NAME "clipper"
| #define PACKAGE_TARNAME "clipper"
| #define PACKAGE_VERSION "2.1"
| #define PACKAGE_STRING "clipper 2.1"
| #define PACKAGE_BUGREPORT ""
| #define PACKAGE_URL ""
| #define PACKAGE "clipper"
| #define VERSION "2.1"
| #define STDC_HEADERS 1
| #define HAVE_SYS_TYPES_H 1
| #define HAVE_SYS_STAT_H 1
| #define HAVE_STDLIB_H 1
| #define HAVE_STRING_H 1
| #define HAVE_MEMORY_H 1
| #define HAVE_STRINGS_H 1
| #define HAVE_INTTYPES_H 1
| #define HAVE_STDINT_H 1
| #define HAVE_UNISTD_H 1
| #define HAVE_DLFCN_H 1
| #define LT_OBJDIR ".libs/"
| /* end confdefs.h.  */
| #include <ac_nonexistent.h>
configure:9445: checking for ld used by /usr/bin/g++
configure:9512: result: /usr/bin/ld -m elf_x86_64
configure:9519: checking if the linker (/usr/bin/ld -m elf_x86_64) is GNU ld
configure:9534: result: yes
configure:9589: checking whether the /usr/bin/g++ linker (/usr/bin/ld -m elf_x86_64) supports shared libraries
configure:10594: result: yes
configure:10630: /usr/bin/g++ -c -std=c++11 -I/home/swh514/Projects/dependencies/fftw/include conftest.cpp >&5
configure:10633: $? = 0
configure:11153: checking for /usr/bin/g++ option to produce PIC
configure:11160: result: -fPIC -DPIC
configure:11168: checking if /usr/bin/g++ PIC flag -fPIC -DPIC works
configure:11186: /usr/bin/g++ -c -std=c++11 -I/home/swh514/Projects/dependencies/fftw/include -fPIC -DPIC -DPIC conftest.cpp >&5
configure:11190: $? = 0
configure:11203: result: yes
configure:11226: checking if /usr/bin/g++ static flag -static works
configure:11254: result: yes
configure:11266: checking if /usr/bin/g++ supports -c -o file.o
configure:11287: /usr/bin/g++ -c -std=c++11 -I/home/swh514/Projects/dependencies/fftw/include -o out/conftest2.o conftest.cpp >&5
configure:11291: $? = 0
configure:11313: result: yes
configure:11318: checking if /usr/bin/g++ supports -c -o file.o
configure:11365: result: yes
configure:11395: checking whether the /usr/bin/g++ linker (/usr/bin/ld -m elf_x86_64) supports shared libraries
configure:11431: result: yes
configure:11572: checking dynamic linker characteristics
configure:12243: result: GNU/Linux ld.so
configure:12296: checking how to hardcode library paths into programs
configure:12321: result: immediate
configure:11320: checking whether to enable maintainer-specific portions of Makefiles
configure:11329: result: no
configure:11579: checking for Fortran 77 compiler version
configure:11588: gfortran --version >&5
GNU Fortran (Ubuntu 9.4.0-1ubuntu1~20.04.1) 9.4.0
Copyright (C) 2019 Free Software Foundation, Inc.
This is free software; see the source for copying conditions.  There is NO
warranty; not even for MERCHANTABILITY or FITNESS FOR A PARTICULAR PURPOSE.

configure:11599: $? = 0
configure:11588: gfortran -v >&5
Using built-in specs.
COLLECT_GCC=gfortran
COLLECT_LTO_WRAPPER=/usr/lib/gcc/x86_64-linux-gnu/9/lto-wrapper
OFFLOAD_TARGET_NAMES=nvptx-none:hsa
OFFLOAD_TARGET_DEFAULT=1
Target: x86_64-linux-gnu
Configured with: ../src/configure -v --with-pkgversion='Ubuntu 9.4.0-1ubuntu1~20.04.1' --with-bugurl=file:///usr/share/doc/gcc-9/README.Bugs --enable-languages=c,ada,c++,go,brig,d,fortran,objc,obj-c++,gm2 --prefix=/usr --with-gcc-major-version-only --program-suffix=-9 --program-prefix=x86_64-linux-gnu- --enable-shared --enable-linker-build-id --libexecdir=/usr/lib --without-included-gettext --enable-threads=posix --libdir=/usr/lib --enable-nls --enable-clocale=gnu --enable-libstdcxx-debug --enable-libstdcxx-time=yes --with-default-libstdcxx-abi=new --enable-gnu-unique-object --disable-vtable-verify --enable-plugin --enable-default-pie --with-system-zlib --with-target-system-zlib=auto --enable-objc-gc=auto --enable-multiarch --disable-werror --with-arch-32=i686 --with-abi=m64 --with-multilib-list=m32,m64,mx32 --enable-multilib --with-tune=generic --enable-offload-targets=nvptx-none=/build/gcc-9-Av3uEd/gcc-9-9.4.0/debian/tmp-nvptx/usr,hsa --without-cuda-driver --enable-checking=release --build=x86_64-linux-gnu --host=x86_64-linux-gnu --target=x86_64-linux-gnu
Thread model: posix
gcc version 9.4.0 (Ubuntu 9.4.0-1ubuntu1~20.04.1) 
configure:11599: $? = 0
configure:11588: gfortran -V >&5
gfortran: error: unrecognized command line option '-V'
gfortran: fatal error: no input files
compilation terminated.
configure:11599: $? = 1
configure:11588: gfortran -qversion >&5
gfortran: error: unrecognized command line option '-qversion'; did you mean '--version'?
gfortran: fatal error: no input files
compilation terminated.
configure:11599: $? = 1
configure:11608: checking whether we are using the GNU Fortran 77 compiler
configure:11621: gfortran -c  conftest.F >&5
configure:11621: $? = 0
configure:11630: result: yes
configure:11636: checking whether gfortran accepts -g
configure:11647: gfortran -c -g conftest.f >&5
configure:11647: $? = 0
configure:11655: result: yes
configure:11791: checking if libtool supports shared libraries
configure:11793: result: yes
configure:11796: checking whether to build shared libraries
configure:11816: result: no
configure:11819: checking whether to build static libraries
configure:11823: result: yes
configure:12144: checking for gfortran option to produce PIC
configure:12151: result: -fPIC
configure:12159: checking if gfortran PIC flag -fPIC works
configure:12177: gfortran -c -g -O2 -fPIC conftest.f >&5
configure:12181: $? = 0
configure:12194: result: yes
configure:12217: checking if gfortran static flag -static works
configure:12245: result: yes
configure:12257: checking if gfortran supports -c -o file.o
configure:12278: gfortran -c -g -O2 -o out/conftest2.o conftest.f >&5
configure:12282: $? = 0
configure:12304: result: yes
configure:12309: checking if gfortran supports -c -o file.o
configure:12356: result: yes
configure:12386: checking whether the gfortran linker (/usr/bin/ld -m elf_x86_64) supports shared libraries
configure:13489: result: yes
configure:13630: checking dynamic linker characteristics
configure:14295: result: GNU/Linux ld.so
configure:14348: checking how to hardcode library paths into programs
configure:14373: result: immediate
configure:14410: checking how to get verbose linking output from gfortran
configure:14420: gfortran -c -g -O2 conftest.f >&5
configure:14420: $? = 0
configure:14438: gfortran -o conftest -g -O2 -v -L/home/swh514/Projects/dependencies/fftw/lib -L/home/swh514/Projects/dependencies/fftw/lib64 conftest.f
Using built-in specs.
Target: x86_64-linux-gnu
Thread model: posix
gcc version 9.4.0 (Ubuntu 9.4.0-1ubuntu1~20.04.1) 
 /usr/lib/gcc/x86_64-linux-gnu/9/f951 conftest.f -ffixed-form -quiet -dumpbase conftest.f -mtune=generic -march=x86-64 -auxbase conftest -g -O2 -version -fintrinsic-modules-path /usr/lib/gcc/x86_64-linux-gnu/9/finclude -fpre-include=/usr/include/finclude/math-vector-fortran.h -o /tmp/ccIeIOY0.s
GNU Fortran (Ubuntu 9.4.0-1ubuntu1~20.04.1) version 9.4.0 (x86_64-linux-gnu)
	compiled by GNU C version 9.4.0, GMP version 6.2.0, MPFR version 4.0.2, MPC version 1.1.0, isl version isl-0.22.1-GMP

GGC heuristics: --param ggc-min-expand=100 --param ggc-min-heapsize=131072
GNU Fortran2008 (Ubuntu 9.4.0-1ubuntu1~20.04.1) version 9.4.0 (x86_64-linux-gnu)
	compiled by GNU C version 9.4.0, GMP version 6.2.0, MPFR version 4.0.2, MPC version 1.1.0, isl version isl-0.22.1-GMP

GGC heuristics: --param ggc-min-expand=100 --param ggc-min-heapsize=131072
 as -v --64 -o /tmp/ccqebRR3.o /tmp/ccIeIOY0.s
GNU assembler version 2.34 (x86_64-linux-gnu) using BFD version (GNU Binutils for Ubuntu) 2.34
Reading specs from /usr/lib/gcc/x86_64-linux-gnu/9/libgfortran.spec
rename spec lib to liborig
 /usr/lib/gcc/x86_64-linux-gnu/9/collect2 -plugin /usr/lib/gcc/x86_64-linux-gnu/9/liblto_plugin.so -plugin-opt=/usr/lib/gcc/x86_64-linux-gnu/9/lto-wrapper -plugin-opt=-fresolution=/tmp/cc1F9VF1.res -plugin-opt=-pass-through=-lgcc_s -plugin-opt=-pass-through=-lgcc -plugin-opt=-pass-through=-lquadmath -plugin-opt=-pass-through=-lm -plugin-opt=-pass-through=-lgcc_s -plugin-opt=-pass-through=-lgcc -plugin-opt=-pass-through=-lc -plugin-opt=-pass-through=-lgcc_s -plugin-opt=-pass-through=-lgcc --build-id --eh-frame-hdr -m elf_x86_64 --hash-style=gnu --as-needed -dynamic-linker /lib64/ld-linux-x86-64.so.2 -pie -z now -z relro -o conftest /usr/lib/gcc/x86_64-linux-gnu/9/../../../x86_64-linux-gnu/Scrt1.o /usr/lib/gcc/x86_64-linux-gnu/9/../../../x86_64-linux-gnu/crti.o /usr/lib/gcc/x86_64-linux-gnu/9/crtbeginS.o -L/home/swh514/Projects/dependencies/fftw/lib -L/home/swh514/Projects/dependencies/fftw/lib64 -L/usr/lib/gcc/x86_64-linux-gnu/9 -L/usr/lib/gcc/x86_64-linux-gnu/9/../../../x86_64-linux-gnu -L/usr/lib/gcc/x86_64-linux-gnu/9/../../../../lib -L/lib/x86_64-linux-gnu -L/lib/../lib -L/usr/lib/x86_64-linux-gnu -L/usr/lib/../lib -L/usr/lib/gcc/x86_64-linux-gnu/9/../../.. /tmp/ccqebRR3.o -lgfortran -lm -lgcc_s -lgcc -lquadmath -lm -lgcc_s -lgcc -lc -lgcc_s -lgcc /usr/lib/gcc/x86_64-linux-gnu/9/crtendS.o /usr/lib/gcc/x86_64-linux-gnu/9/../../../x86_64-linux-gnu/crtn.o
configure:14521: result: -v
configure:14523: checking for Fortran 77 libraries of gfortran
configure:14546: gfortran -o conftest -g -O2 -v -L/home/swh514/Projects/dependencies/fftw/lib -L/home/swh514/Projects/dependencies/fftw/lib64 conftest.f
Using built-in specs.
Target: x86_64-linux-gnu
Thread model: posix
gcc version 9.4.0 (Ubuntu 9.4.0-1ubuntu1~20.04.1) 
 /usr/lib/gcc/x86_64-linux-gnu/9/f951 conftest.f -ffixed-form -quiet -dumpbase conftest.f -mtune=generic -march=x86-64 -auxbase conftest -g -O2 -version -fintrinsic-modules-path /usr/lib/gcc/x86_64-linux-gnu/9/finclude -fpre-include=/usr/include/finclude/math-vector-fortran.h -o /tmp/cckFpP2b.s
GNU Fortran (Ubuntu 9.4.0-1ubuntu1~20.04.1) version 9.4.0 (x86_64-linux-gnu)
	compiled by GNU C version 9.4.0, GMP version 6.2.0, MPFR version 4.0.2, MPC version 1.1.0, isl version isl-0.22.1-GMP

GGC heuristics: --param ggc-min-expand=100 --param ggc-min-heapsize=131072
GNU Fortran2008 (Ubuntu 9.4.0-1ubuntu1~20.04.1) version 9.4.0 (x86_64-linux-gnu)
	compiled by GNU C version 9.4.0, GMP version 6.2.0, MPFR version 4.0.2, MPC version 1.1.0, isl version isl-0.22.1-GMP

GGC heuristics: --param ggc-min-expand=100 --param ggc-min-heapsize=131072
 as -v --64 -o /tmp/ccaHnpCb.o /tmp/cckFpP2b.s
GNU assembler version 2.34 (x86_64-linux-gnu) using BFD version (GNU Binutils for Ubuntu) 2.34
Reading specs from /usr/lib/gcc/x86_64-linux-gnu/9/libgfortran.spec
rename spec lib to liborig
 /usr/lib/gcc/x86_64-linux-gnu/9/collect2 -plugin /usr/lib/gcc/x86_64-linux-gnu/9/liblto_plugin.so -plugin-opt=/usr/lib/gcc/x86_64-linux-gnu/9/lto-wrapper -plugin-opt=-fresolution=/tmp/ccCNvA9b.res -plugin-opt=-pass-through=-lgcc_s -plugin-opt=-pass-through=-lgcc -plugin-opt=-pass-through=-lquadmath -plugin-opt=-pass-through=-lm -plugin-opt=-pass-through=-lgcc_s -plugin-opt=-pass-through=-lgcc -plugin-opt=-pass-through=-lc -plugin-opt=-pass-through=-lgcc_s -plugin-opt=-pass-through=-lgcc --build-id --eh-frame-hdr -m elf_x86_64 --hash-style=gnu --as-needed -dynamic-linker /lib64/ld-linux-x86-64.so.2 -pie -z now -z relro -o conftest /usr/lib/gcc/x86_64-linux-gnu/9/../../../x86_64-linux-gnu/Scrt1.o /usr/lib/gcc/x86_64-linux-gnu/9/../../../x86_64-linux-gnu/crti.o /usr/lib/gcc/x86_64-linux-gnu/9/crtbeginS.o -L/home/swh514/Projects/dependencies/fftw/lib -L/home/swh514/Projects/dependencies/fftw/lib64 -L/usr/lib/gcc/x86_64-linux-gnu/9 -L/usr/lib/gcc/x86_64-linux-gnu/9/../../../x86_64-linux-gnu -L/usr/lib/gcc/x86_64-linux-gnu/9/../../../../lib -L/lib/x86_64-linux-gnu -L/lib/../lib -L/usr/lib/x86_64-linux-gnu -L/usr/lib/../lib -L/usr/lib/gcc/x86_64-linux-gnu/9/../../.. /tmp/ccaHnpCb.o -lgfortran -lm -lgcc_s -lgcc -lquadmath -lm -lgcc_s -lgcc -lc -lgcc_s -lgcc /usr/lib/gcc/x86_64-linux-gnu/9/crtendS.o /usr/lib/gcc/x86_64-linux-gnu/9/../../../x86_64-linux-gnu/crtn.o
configure:14742: result:  -L/home/swh514/Projects/dependencies/fftw/lib -L/home/swh514/Projects/dependencies/fftw/lib64 -L/usr/lib/gcc/x86_64-linux-gnu/9 -L/usr/lib/gcc/x86_64-linux-gnu/9/../../../x86_64-linux-gnu -L/usr/lib/gcc/x86_64-linux-gnu/9/../../../../lib -L/lib/x86_64-linux-gnu -L/lib/../lib -L/usr/lib/x86_64-linux-gnu -L/usr/lib/../lib -L/usr/lib/gcc/x86_64-linux-gnu/9/../../.. -lgfortran -lm -lquadmath
configure:14758: checking for dummy main to link with Fortran 77 libraries
configure:14792: /usr/bin/gcc -o conftest -g -O2 -I/home/swh514/Projects/dependencies/fftw/include -L/home/swh514/Projects/dependencies/fftw/lib -L/home/swh514/Projects/dependencies/fftw/lib64 conftest.c   -L/home/swh514/Projects/dependencies/fftw/lib -L/home/swh514/Projects/dependencies/fftw/lib64 -L/usr/lib/gcc/x86_64-linux-gnu/9 -L/usr/lib/gcc/x86_64-linux-gnu/9/../../../x86_64-linux-gnu -L/usr/lib/gcc/x86_64-linux-gnu/9/../../../../lib -L/lib/x86_64-linux-gnu -L/lib/../lib -L/usr/lib/x86_64-linux-gnu -L/usr/lib/../lib -L/usr/lib/gcc/x86_64-linux-gnu/9/../../.. -lgfortran -lm -lquadmath >&5
configure:14792: $? = 0
configure:14837: result: none
configure:14870: checking for Fortran 77 name-mangling scheme
configure:14883: gfortran -c -g -O2 conftest.f >&5
configure:14883: $? = 0
configure:14924: /usr/bin/gcc -o conftest -g -O2 -I/home/swh514/Projects/dependencies/fftw/include -L/home/swh514/Projects/dependencies/fftw/lib -L/home/swh514/Projects/dependencies/fftw/lib64 conftest.c cfortran_test.o   -L/home/swh514/Projects/dependencies/fftw/lib -L/home/swh514/Projects/dependencies/fftw/lib64 -L/usr/lib/gcc/x86_64-linux-gnu/9 -L/usr/lib/gcc/x86_64-linux-gnu/9/../../../x86_64-linux-gnu -L/usr/lib/gcc/x86_64-linux-gnu/9/../../../../lib -L/lib/x86_64-linux-gnu -L/lib/../lib -L/usr/lib/x86_64-linux-gnu -L/usr/lib/../lib -L/usr/lib/gcc/x86_64-linux-gnu/9/../../.. -lgfortran -lm -lquadmath >&5
/usr/bin/ld: /tmp/ccNWP82G.o: in function `main':
/home/swh514/Projects/clipper/updated/trunk/conftest.c:42: undefined reference to `foobar'
collect2: error: ld returned 1 exit status
configure:14924: $? = 1
configure: failed program was:
| /* confdefs.h */
| #define PACKAGE_NAME "clipper"
| #define PACKAGE_TARNAME "clipper"
| #define PACKAGE_VERSION "2.1"
| #define PACKAGE_STRING "clipper 2.1"
| #define PACKAGE_BUGREPORT ""
| #define PACKAGE_URL ""
| #define PACKAGE "clipper"
| #define VERSION "2.1"
| #define STDC_HEADERS 1
| #define HAVE_SYS_TYPES_H 1
| #define HAVE_SYS_STAT_H 1
| #define HAVE_STDLIB_H 1
| #define HAVE_STRING_H 1
| #define HAVE_MEMORY_H 1
| #define HAVE_STRINGS_H 1
| #define HAVE_INTTYPES_H 1
| #define HAVE_STDINT_H 1
| #define HAVE_UNISTD_H 1
| #define HAVE_DLFCN_H 1
| #define LT_OBJDIR ".libs/"
| /* end confdefs.h.  */
| 
| /* Override any GCC internal prototype to avoid an error.
|    Use char because int might match the return type of a GCC
|    builtin and then its argument prototype would still apply.  */
| #ifdef __cplusplus
| extern "C"
| #endif
| char foobar ();
| #ifdef F77_DUMMY_MAIN
| 
| #  ifdef __cplusplus
|      extern "C"
| #  endif
|    int F77_DUMMY_MAIN() { return 1; }
| 
| #endif
| int
| main ()
| {
| return foobar ();
|   ;
|   return 0;
| }
configure:14924: /usr/bin/gcc -o conftest -g -O2 -I/home/swh514/Projects/dependencies/fftw/include -L/home/swh514/Projects/dependencies/fftw/lib -L/home/swh514/Projects/dependencies/fftw/lib64 conftest.c cfortran_test.o   -L/home/swh514/Projects/dependencies/fftw/lib -L/home/swh514/Projects/dependencies/fftw/lib64 -L/usr/lib/gcc/x86_64-linux-gnu/9 -L/usr/lib/gcc/x86_64-linux-gnu/9/../../../x86_64-linux-gnu -L/usr/lib/gcc/x86_64-linux-gnu/9/../../../../lib -L/lib/x86_64-linux-gnu -L/lib/../lib -L/usr/lib/x86_64-linux-gnu -L/usr/lib/../lib -L/usr/lib/gcc/x86_64-linux-gnu/9/../../.. -lgfortran -lm -lquadmath >&5
configure:14924: $? = 0
configure:14982: /usr/bin/gcc -o conftest -g -O2 -I/home/swh514/Projects/dependencies/fftw/include -L/home/swh514/Projects/dependencies/fftw/lib -L/home/swh514/Projects/dependencies/fftw/lib64 conftest.c cfortran_test.o   -L/home/swh514/Projects/dependencies/fftw/lib -L/home/swh514/Projects/dependencies/fftw/lib64 -L/usr/lib/gcc/x86_64-linux-gnu/9 -L/usr/lib/gcc/x86_64-linux-gnu/9/../../../x86_64-linux-gnu -L/usr/lib/gcc/x86_64-linux-gnu/9/../../../../lib -L/lib/x86_64-linux-gnu -L/lib/../lib -L/usr/lib/x86_64-linux-gnu -L/usr/lib/../lib -L/usr/lib/gcc/x86_64-linux-gnu/9/../../.. -lgfortran -lm -lquadmath >&5
configure:14982: $? = 0
configure:15024: result: lower case, underscore, no extra underscore
configure:12281: checking for library containing cos
configure:12320: /usr/bin/gcc -o conftest -g -O2 -I/home/swh514/Projects/dependencies/fftw/include -L/home/swh514/Projects/dependencies/fftw/lib -L/home/swh514/Projects/dependencies/fftw/lib64 conftest.c  >&5
conftest.c:32:6: warning: conflicting types for built-in function 'cos'; expected 'double(double)' [-Wbuiltin-declaration-mismatch]
   32 | char cos ();
      |      ^~~
conftest.c:1:1: note: 'cos' is declared in header '<math.h>'
    1 | /* confdefs.h */
/usr/bin/ld: /tmp/ccK54Kfi.o: in function `main':
/home/swh514/Projects/clipper/updated/trunk/conftest.c:44: undefined reference to `cos'
collect2: error: ld returned 1 exit status
configure:12320: $? = 1
configure: failed program was:
| /* confdefs.h */
| #define PACKAGE_NAME "clipper"
| #define PACKAGE_TARNAME "clipper"
| #define PACKAGE_VERSION "2.1"
| #define PACKAGE_STRING "clipper 2.1"
| #define PACKAGE_BUGREPORT ""
| #define PACKAGE_URL ""
| #define PACKAGE "clipper"
| #define VERSION "2.1"
| #define STDC_HEADERS 1
| #define HAVE_SYS_TYPES_H 1
| #define HAVE_SYS_STAT_H 1
| #define HAVE_STDLIB_H 1
| #define HAVE_STRING_H 1
| #define HAVE_MEMORY_H 1
| #define HAVE_STRINGS_H 1
| #define HAVE_INTTYPES_H 1
| #define HAVE_STDINT_H 1
| #define HAVE_UNISTD_H 1
| #define HAVE_DLFCN_H 1
| #define LT_OBJDIR ".libs/"
| #define F77_FUNC(name,NAME) name ## _
| #define F77_FUNC_(name,NAME) name ## _
| /* end confdefs.h.  */
| 
| /* Override any GCC internal prototype to avoid an error.
|    Use char because int might match the return type of a GCC
|    builtin and then its argument prototype would still apply.  */
| #ifdef __cplusplus
| extern "C"
| #endif
| char cos ();
| #ifdef F77_DUMMY_MAIN
| 
| #  ifdef __cplusplus
|      extern "C"
| #  endif
|    int F77_DUMMY_MAIN() { return 1; }
| 
| #endif
| int
| main ()
| {
| return cos ();
|   ;
|   return 0;
| }
configure:12320: /usr/bin/gcc -o conftest -g -O2 -I/home/swh514/Projects/dependencies/fftw/include -L/home/swh514/Projects/dependencies/fftw/lib -L/home/swh514/Projects/dependencies/fftw/lib64 conftest.c -lm   >&5
conftest.c:32:6: warning: conflicting types for built-in function 'cos'; expected 'double(double)' [-Wbuiltin-declaration-mismatch]
   32 | char cos ();
      |      ^~~
conftest.c:1:1: note: 'cos' is declared in header '<math.h>'
    1 | /* confdefs.h */
configure:12320: $? = 0
configure:12337: result: -lm
configure:12356: checking for prefixed single-precision FFTW2 (sfftw.h)
configure:12385: /usr/bin/g++ -o conftest -std=c++11 -I/home/swh514/Projects/dependencies/fftw/include -L/home/swh514/Projects/dependencies/fftw/lib -L/home/swh514/Projects/dependencies/fftw/lib64 conftest.cpp -lsrfftw -lsfftw -lm  >&5
conftest.cpp:25:10: fatal error: sfftw.h: No such file or directory
   25 | #include <sfftw.h>
      |          ^~~~~~~~~
compilation terminated.
configure:12385: $? = 1
configure: failed program was:
| /* confdefs.h */
| #define PACKAGE_NAME "clipper"
| #define PACKAGE_TARNAME "clipper"
| #define PACKAGE_VERSION "2.1"
| #define PACKAGE_STRING "clipper 2.1"
| #define PACKAGE_BUGREPORT ""
| #define PACKAGE_URL ""
| #define PACKAGE "clipper"
| #define VERSION "2.1"
| #define STDC_HEADERS 1
| #define HAVE_SYS_TYPES_H 1
| #define HAVE_SYS_STAT_H 1
| #define HAVE_STDLIB_H 1
| #define HAVE_STRING_H 1
| #define HAVE_MEMORY_H 1
| #define HAVE_STRINGS_H 1
| #define HAVE_INTTYPES_H 1
| #define HAVE_STDINT_H 1
| #define HAVE_UNISTD_H 1
| #define HAVE_DLFCN_H 1
| #define LT_OBJDIR ".libs/"
| #define F77_FUNC(name,NAME) name ## _
| #define F77_FUNC_(name,NAME) name ## _
| /* end confdefs.h.  */
| #include <sfftw.h>
| #include <math.h>
| #ifdef F77_DUMMY_MAIN
| 
| #  ifdef __cplusplus
|      extern "C"
| #  endif
|    int F77_DUMMY_MAIN() { return 1; }
| 
| #endif
| int
| main ()
| {
| float a; fftw_real *p = &a; return (int)sin(*fftw_version)
|   ;
|   return 0;
| }
configure:12392: result: no
configure:12399: checking for not prefixed single-precision FFTW2 (fftw.h)
configure:12423: /usr/bin/g++ -o conftest -std=c++11 -I/home/swh514/Projects/dependencies/fftw/include -L/home/swh514/Projects/dependencies/fftw/lib -L/home/swh514/Projects/dependencies/fftw/lib64 conftest.cpp -lrfftw -lfftw -lm  >&5
configure:12423: $? = 0
configure:12424: result: yes
configure:12634: checking for the pthreads library -lpthreads
configure:12680: /usr/bin/gcc -o conftest -g -O2  -I/home/swh514/Projects/dependencies/fftw/include -L/home/swh514/Projects/dependencies/fftw/lib -L/home/swh514/Projects/dependencies/fftw/lib64 conftest.c -lpthreads -lm  >&5
/usr/bin/ld: cannot find -lpthreads
collect2: error: ld returned 1 exit status
configure:12680: $? = 1
configure: failed program was:
| /* confdefs.h */
| #define PACKAGE_NAME "clipper"
| #define PACKAGE_TARNAME "clipper"
| #define PACKAGE_VERSION "2.1"
| #define PACKAGE_STRING "clipper 2.1"
| #define PACKAGE_BUGREPORT ""
| #define PACKAGE_URL ""
| #define PACKAGE "clipper"
| #define VERSION "2.1"
| #define STDC_HEADERS 1
| #define HAVE_SYS_TYPES_H 1
| #define HAVE_SYS_STAT_H 1
| #define HAVE_STDLIB_H 1
| #define HAVE_STRING_H 1
| #define HAVE_MEMORY_H 1
| #define HAVE_STRINGS_H 1
| #define HAVE_INTTYPES_H 1
| #define HAVE_STDINT_H 1
| #define HAVE_UNISTD_H 1
| #define HAVE_DLFCN_H 1
| #define LT_OBJDIR ".libs/"
| #define F77_FUNC(name,NAME) name ## _
| #define F77_FUNC_(name,NAME) name ## _
| /* end confdefs.h.  */
| #include <pthread.h>
|                         static void routine(void *a) { a = 0; }
|                         static void *start_routine(void *a) { return a; }
| #ifdef F77_DUMMY_MAIN
| 
| #  ifdef __cplusplus
|      extern "C"
| #  endif
|    int F77_DUMMY_MAIN() { return 1; }
| 
| #endif
| int
| main ()
| {
| pthread_t th; pthread_attr_t attr;
|                         pthread_create(&th, 0, start_routine, 0);
|                         pthread_join(th, 0);
|                         pthread_attr_init(&attr);
|                         pthread_cleanup_push(routine, 0);
|                         pthread_cleanup_pop(0) /* ; */
|   ;
|   return 0;
| }
configure:12689: result: no
configure:12634: checking for the pthreads library -lpthread
configure:12680: /usr/bin/gcc -o conftest -g -O2  -I/home/swh514/Projects/dependencies/fftw/include -L/home/swh514/Projects/dependencies/fftw/lib -L/home/swh514/Projects/dependencies/fftw/lib64 conftest.c -lpthread -lm  >&5
configure:12680: $? = 0
configure:12689: result: yes
configure:12708: checking for joinable pthread attribute
configure:12731: /usr/bin/gcc -o conftest -g -O2  -I/home/swh514/Projects/dependencies/fftw/include -L/home/swh514/Projects/dependencies/fftw/lib -L/home/swh514/Projects/dependencies/fftw/lib64 conftest.c -lpthread -lm  >&5
configure:12731: $? = 0
configure:12737: result: PTHREAD_CREATE_JOINABLE
configure:12747: checking if more special flags are required for pthreads
configure:12761: result: no
configure:12767: checking for PTHREAD_PRIO_INHERIT
configure:12793: /usr/bin/gcc -o conftest -g -O2  -I/home/swh514/Projects/dependencies/fftw/include -L/home/swh514/Projects/dependencies/fftw/lib -L/home/swh514/Projects/dependencies/fftw/lib64 conftest.c -lpthread -lm  >&5
configure:12793: $? = 0
configure:12802: result: yes
configure:12908: checking for MMDB_CCIF_Init in -lmmdb2
configure:12941: /usr/bin/g++ -o conftest -std=c++11 -I/home/swh514/Projects/dependencies/fftw/include -L/home/swh514/Projects/dependencies/fftw/lib -L/home/swh514/Projects/dependencies/fftw/lib64 conftest.cpp -lmmdb2  -lm  >&5
configure:12941: $? = 0
configure:12950: result: yes
configure:12959: checking mmdb2/mmdb_manager.h usability
configure:12959: /usr/bin/g++ -c -std=c++11 -I/home/swh514/Projects/dependencies/fftw/include conftest.cpp >&5
configure:12959: $? = 0
configure:12959: result: yes
configure:12959: checking mmdb2/mmdb_manager.h presence
configure:12959: /usr/bin/g++ -E -I/home/swh514/Projects/dependencies/fftw/include conftest.cpp
configure:12959: $? = 0
configure:12959: result: yes
configure:12959: checking for mmdb2/mmdb_manager.h
configure:12959: result: yes
configure:12978: checking for ccp4_banner in -lccp4c
configure:13011: /usr/bin/gcc -o conftest -g -O2 -I/home/swh514/Projects/dependencies/fftw/include -L/home/swh514/Projects/dependencies/fftw/lib -L/home/swh514/Projects/dependencies/fftw/lib64 conftest.c -lccp4c  -lm  >&5
configure:13011: $? = 0
configure:13020: result: yes
configure:13028: checking ccp4/ccp4_general.h usability
configure:13028: /usr/bin/gcc -c -g -O2 -I/home/swh514/Projects/dependencies/fftw/include conftest.c >&5
configure:13028: $? = 0
configure:13028: result: yes
configure:13028: checking ccp4/ccp4_general.h presence
configure:13028: /usr/bin/gcc -E -I/home/swh514/Projects/dependencies/fftw/include conftest.c
configure:13028: $? = 0
configure:13028: result: yes
configure:13028: checking for ccp4/ccp4_general.h
configure:13028: result: yes
configure:13201: checking that generated files are newer than configure
configure:13207: result: done
configure:13278: creating ./config.status

## ---------------------- ##
## Running config.status. ##
## ---------------------- ##

This file was extended by clipper config.status 2.1, which was
generated by GNU Autoconf 2.69.  Invocation command line was

  CONFIG_FILES    = 
  CONFIG_HEADERS  = 
  CONFIG_LINKS    = 
  CONFIG_COMMANDS = 
  $ ./config.status 

on minato

config.status:1240: creating Makefile
config.status:1240: creating clipper/Makefile
config.status:1240: creating clipper/core/Makefile
config.status:1240: creating clipper/contrib/Makefile
config.status:1240: creating examples/Makefile
config.status:1240: creating clipper.pc
config.status:1240: creating config.h
config.status:1421: config.h is unchanged
config.status:1469: executing depfiles commands
config.status:1469: executing libtool commands

## ---------------- ##
## Cache variables. ##
## ---------------- ##

ac_cv_build=x86_64-unknown-linux-gnu
ac_cv_c_compiler_gnu=yes
ac_cv_cxx_compiler_gnu=yes
ac_cv_env_CCC_set=
ac_cv_env_CCC_value=
ac_cv_env_CC_set=set
ac_cv_env_CC_value=/usr/bin/gcc
ac_cv_env_CFLAGS_set=
ac_cv_env_CFLAGS_value=
ac_cv_env_CPPFLAGS_set=set
ac_cv_env_CPPFLAGS_value=-I/home/swh514/Projects/dependencies/fftw/include
ac_cv_env_CPP_set=
ac_cv_env_CPP_value=
ac_cv_env_CXXCPP_set=
ac_cv_env_CXXCPP_value=
ac_cv_env_CXXFLAGS_set=set
ac_cv_env_CXXFLAGS_value=-std=c++11
ac_cv_env_CXX_set=set
ac_cv_env_CXX_value=/usr/bin/g++
ac_cv_env_F77_set=set
ac_cv_env_F77_value=gfortran
ac_cv_env_FFLAGS_set=
ac_cv_env_FFLAGS_value=
ac_cv_env_LDFLAGS_set=set
ac_cv_env_LDFLAGS_value='-L/home/swh514/Projects/dependencies/fftw/lib -L/home/swh514/Projects/dependencies/fftw/lib64'
ac_cv_env_LIBS_set=
ac_cv_env_LIBS_value=
ac_cv_env_build_alias_set=
ac_cv_env_build_alias_value=
ac_cv_env_host_alias_set=
ac_cv_env_host_alias_value=
ac_cv_env_target_alias_set=
ac_cv_env_target_alias_value=
ac_cv_f77_compiler_gnu=yes
ac_cv_f77_dummy_main=none
ac_cv_f77_libs=' -L/home/swh514/Projects/dependencies/fftw/lib -L/home/swh514/Projects/dependencies/fftw/lib64 -L/usr/lib/gcc/x86_64-linux-gnu/9 -L/usr/lib/gcc/x86_64-linux-gnu/9/../../../x86_64-linux-gnu -L/usr/lib/gcc/x86_64-linux-gnu/9/../../../../lib -L/lib/x86_64-linux-gnu -L/lib/../lib -L/usr/lib/x86_64-linux-gnu -L/usr/lib/../lib -L/usr/lib/gcc/x86_64-linux-gnu/9/../../.. -lgfortran -lm -lquadmath'
ac_cv_f77_mangling='lower case, underscore, no extra underscore'
ac_cv_fortran_dummy_main=none
ac_cv_header_ccp4_ccp4_general_h=yes
ac_cv_header_dlfcn_h=yes
ac_cv_header_inttypes_h=yes
ac_cv_header_memory_h=yes
ac_cv_header_mmdb2_mmdb_manager_h=yes
ac_cv_header_stdc=yes
ac_cv_header_stdint_h=yes
ac_cv_header_stdlib_h=yes
ac_cv_header_string_h=yes
ac_cv_header_strings_h=yes
ac_cv_header_sys_stat_h=yes
ac_cv_header_sys_types_h=yes
ac_cv_header_unistd_h=yes
ac_cv_host=x86_64-unknown-linux-gnu
ac_cv_lib_ccp4c_ccp4_banner=yes
ac_cv_lib_mmdb2_MMDB_CCIF_Init=yes
ac_cv_objext=o
ac_cv_path_EGREP='/usr/bin/grep -E'
ac_cv_path_FGREP='/usr/bin/grep -F'
ac_cv_path_GREP=/usr/bin/grep
ac_cv_path_SED=/usr/bin/sed
ac_cv_path_install='/usr/bin/install -c'
ac_cv_path_mkdir=/usr/bin/mkdir
ac_cv_prog_AWK=gawk
ac_cv_prog_CPP='/usr/bin/gcc -E'
ac_cv_prog_CXXCPP='/usr/bin/g++ -E'
ac_cv_prog_ac_ct_AR=ar
ac_cv_prog_ac_ct_CC=/usr/bin/gcc
ac_cv_prog_ac_ct_MANIFEST_TOOL=mt
ac_cv_prog_ac_ct_OBJDUMP=objdump
ac_cv_prog_ac_ct_RANLIB=ranlib
ac_cv_prog_ac_ct_STRIP=strip
ac_cv_prog_cc_c89=
ac_cv_prog_cc_g=yes
ac_cv_prog_cxx_g=yes
ac_cv_prog_f77_g=yes
ac_cv_prog_f77_v=-v
ac_cv_prog_make_make_set=yes
ac_cv_search_cos=-lm
am_cv_CC_dependencies_compiler_type=gcc3
am_cv_CXX_dependencies_compiler_type=gcc3
am_cv_ar_interface=ar
am_cv_make_support_nested_variables=yes
ax_cv_PTHREAD_PRIO_INHERIT=yes
lt_cv_ar_at_file=@
lt_cv_deplibs_check_method=pass_all
lt_cv_file_magic_cmd='$MAGIC_CMD'
lt_cv_file_magic_test_file=
lt_cv_ld_reload_flag=-r
lt_cv_nm_interface='BSD nm'
lt_cv_objdir=.libs
lt_cv_path_LD=/usr/bin/ld
lt_cv_path_LDCXX='/usr/bin/ld -m elf_x86_64'
lt_cv_path_NM='/usr/bin/nm -B'
lt_cv_path_mainfest_tool=no
lt_cv_prog_compiler_c_o=yes
lt_cv_prog_compiler_c_o_CXX=yes
lt_cv_prog_compiler_c_o_F77=yes
lt_cv_prog_compiler_pic='-fPIC -DPIC'
lt_cv_prog_compiler_pic_CXX='-fPIC -DPIC'
lt_cv_prog_compiler_pic_F77=-fPIC
lt_cv_prog_compiler_pic_works=yes
lt_cv_prog_compiler_pic_works_CXX=yes
lt_cv_prog_compiler_pic_works_F77=yes
lt_cv_prog_compiler_rtti_exceptions=no
lt_cv_prog_compiler_static_works=yes
lt_cv_prog_compiler_static_works_CXX=yes
lt_cv_prog_compiler_static_works_F77=yes
lt_cv_prog_gnu_ld=yes
lt_cv_prog_gnu_ldcxx=yes
lt_cv_sharedlib_from_linklib_cmd='printf %s\n'
lt_cv_shlibpath_overrides_runpath=yes
lt_cv_sys_global_symbol_pipe='sed -n -e '\''s/^.*[	 ]\([ABCDGIRSTW][ABCDGIRSTW]*\)[	 ][	 ]*\([_A-Za-z][_A-Za-z0-9]*\)$/\1 \2 \2/p'\'' | sed '\''/ __gnu_lto/d'\'''
lt_cv_sys_global_symbol_to_c_name_address='sed -n -e '\''s/^: \([^ ]*\)[ ]*$/  {\"\1\", (void *) 0},/p'\'' -e '\''s/^[ABCDGIRSTW]* \([^ ]*\) \([^ ]*\)$/  {"\2", (void *) \&\2},/p'\'''
lt_cv_sys_global_symbol_to_c_name_address_lib_prefix='sed -n -e '\''s/^: \([^ ]*\)[ ]*$/  {\"\1\", (void *) 0},/p'\'' -e '\''s/^[ABCDGIRSTW]* \([^ ]*\) \(lib[^ ]*\)$/  {"\2", (void *) \&\2},/p'\'' -e '\''s/^[ABCDGIRSTW]* \([^ ]*\) \([^ ]*\)$/  {"lib\2", (void *) \&\2},/p'\'''
lt_cv_sys_global_symbol_to_cdecl='sed -n -e '\''s/^T .* \(.*\)$/extern int \1();/p'\'' -e '\''s/^[ABCDGIRSTW]* .* \(.*\)$/extern char \1;/p'\'''
lt_cv_sys_max_cmd_len=1572864
lt_cv_to_host_file_cmd=func_convert_file_noop
lt_cv_to_tool_file_cmd=func_convert_file_noop

## ----------------- ##
## Output variables. ##
## ----------------- ##

ACLOCAL='${SHELL} /home/swh514/Projects/clipper/updated/trunk/build-aux/missing aclocal-1.13'
AMDEPBACKSLASH='\'
AMDEP_FALSE='#'
AMDEP_TRUE=''
AMTAR='$${TAR-tar}'
AM_BACKSLASH='\'
AM_DEFAULT_V='$(AM_DEFAULT_VERBOSITY)'
AM_DEFAULT_VERBOSITY='1'
AM_V='$(V)'
AR='ar'
AUTOCONF='${SHELL} /home/swh514/Projects/clipper/updated/trunk/build-aux/missing autoconf'
AUTOHEADER='${SHELL} /home/swh514/Projects/clipper/updated/trunk/build-aux/missing autoheader'
AUTOMAKE='${SHELL} /home/swh514/Projects/clipper/updated/trunk/build-aux/missing automake-1.13'
AWK='gawk'
BUILD_CCP4_FALSE='#'
BUILD_CCP4_TRUE=''
BUILD_CCTBX_FALSE=''
BUILD_CCTBX_TRUE='#'
BUILD_CIF_FALSE='#'
BUILD_CIF_TRUE=''
BUILD_CNS_FALSE='#'
BUILD_CNS_TRUE=''
BUILD_CONTRIB_FALSE='#'
BUILD_CONTRIB_TRUE=''
BUILD_FORTRAN_FALSE='#'
BUILD_FORTRAN_TRUE=''
BUILD_MINIMOL_FALSE='#'
BUILD_MINIMOL_TRUE=''
BUILD_MMDBOLD_FALSE=''
BUILD_MMDBOLD_TRUE='#'
BUILD_MMDB_FALSE='#'
BUILD_MMDB_TRUE=''
BUILD_PHS_FALSE='#'
BUILD_PHS_TRUE=''
CC='/usr/bin/gcc'
CCDEPMODE='depmode=gcc3'
CFLAGS='-g -O2'
CLIPPER_LIBS='-lclipper-fortran -lclipper-ccp4 -lclipper-cif -lclipper-minimol -lclipper-mmdb -lclipper-cns -lclipper-phs -lclipper-contrib -lclipper-core'
CLIPPER_REQUIRES='ccp4c mmdb2'
CPP='/usr/bin/gcc -E'
CPPFLAGS='-I/home/swh514/Projects/dependencies/fftw/include'
CXX='/usr/bin/g++'
CXXCPP='/usr/bin/g++ -E'
CXXDEPMODE='depmode=gcc3'
CXXFLAGS='-std=c++11'
CYGPATH_W='echo'
DEFS='-DHAVE_CONFIG_H'
DEPDIR='.deps'
DLLTOOL='false'
DSYMUTIL=''
DUMPBIN=''
ECHO_C=''
ECHO_N='-n'
ECHO_T=''
EGREP='/usr/bin/grep -E'
EXEEXT=''
F77='gfortran'
FFLAGS='-g -O2'
FFTW2_LIBS='-lrfftw -lfftw'
FGREP='/usr/bin/grep -F'
FLIBS=' -L/home/swh514/Projects/dependencies/fftw/lib -L/home/swh514/Projects/dependencies/fftw/lib64 -L/usr/lib/gcc/x86_64-linux-gnu/9 -L/usr/lib/gcc/x86_64-linux-gnu/9/../../../x86_64-linux-gnu -L/usr/lib/gcc/x86_64-linux-gnu/9/../../../../lib -L/lib/x86_64-linux-gnu -L/lib/../lib -L/usr/lib/x86_64-linux-gnu -L/usr/lib/../lib -L/usr/lib/gcc/x86_64-linux-gnu/9/../../.. -lgfortran -lm -lquadmath'
GREP='/usr/bin/grep'
INSTALL_DATA='${INSTALL} -m 644'
INSTALL_PROGRAM='${INSTALL}'
INSTALL_SCRIPT='${INSTALL}'
INSTALL_STRIP_PROGRAM='$(install_sh) -c -s'
LD='/usr/bin/ld -m elf_x86_64'
LDFLAGS='-L/home/swh514/Projects/dependencies/fftw/lib -L/home/swh514/Projects/dependencies/fftw/lib64'
LIBOBJS=''
LIBS='-lm '
LIBTOOL='$(SHELL) $(top_builddir)/libtool'
LIPO=''
LN_S='ln -s'
LTLIBOBJS=''
MAINT='#'
MAINTAINER_MODE_FALSE=''
MAINTAINER_MODE_TRUE='#'
MAKEINFO='${SHELL} /home/swh514/Projects/clipper/updated/trunk/build-aux/missing makeinfo'
MANIFEST_TOOL=':'
MKDIR_P='/usr/bin/mkdir -p'
NM='/usr/bin/nm -B'
NMEDIT=''
OBJDUMP='objdump'
OBJEXT='o'
OTOOL64=''
OTOOL=''
PACKAGE='clipper'
PACKAGE_BUGREPORT=''
PACKAGE_NAME='clipper'
PACKAGE_STRING='clipper 2.1'
PACKAGE_TARNAME='clipper'
PACKAGE_URL=''
PACKAGE_VERSION='2.1'
PATH_SEPARATOR=':'
PTHREAD_CC='/usr/bin/gcc'
PTHREAD_CFLAGS=''
PTHREAD_LIBS='-lpthread'
RANLIB='ranlib'
SED='/usr/bin/sed'
SET_MAKE=''
SHELL='/bin/bash'
STRIP='strip'
VERSION='2.1'
VERSION_INFO='-version-info 2:1'
ac_ct_AR='ar'
ac_ct_CC='/usr/bin/gcc'
ac_ct_CXX=''
ac_ct_DUMPBIN=''
ac_ct_F77=''
am__EXEEXT_FALSE=''
am__EXEEXT_TRUE='#'
am__fastdepCC_FALSE='#'
am__fastdepCC_TRUE=''
am__fastdepCXX_FALSE='#'
am__fastdepCXX_TRUE=''
am__include='include'
am__isrc=''
am__leading_dot='.'
am__nodep='_no'
am__quote=''
am__tar='$${TAR-tar} chof - "$$tardir"'
am__untar='$${TAR-tar} xf -'
ax_pthread_config=''
bindir='${exec_prefix}/bin'
build='x86_64-unknown-linux-gnu'
build_alias=''
build_cpu='x86_64'
build_os='linux-gnu'
build_vendor='unknown'
datadir='${datarootdir}'
datarootdir='${prefix}/share'
docdir='${datarootdir}/doc/${PACKAGE_TARNAME}'
dvidir='${docdir}'
exec_prefix='${prefix}'
host='x86_64-unknown-linux-gnu'
host_alias=''
host_cpu='x86_64'
host_os='linux-gnu'
host_vendor='unknown'
htmldir='${docdir}'
includedir='${prefix}/include'
infodir='${datarootdir}/info'
install_sh='${SHELL} /home/swh514/Projects/clipper/updated/trunk/build-aux/install-sh'
libdir='${exec_prefix}/lib'
libexecdir='${exec_prefix}/libexec'
localedir='${datarootdir}/locale'
localstatedir='${prefix}/var'
mandir='${datarootdir}/man'
mkdir_p='$(MKDIR_P)'
oldincludedir='/usr/include'
pdfdir='${docdir}'
prefix='/home/swh514/Projects/dependencies/fftw'
program_transform_name='s,x,x,'
psdir='${docdir}'
sbindir='${exec_prefix}/sbin'
sharedstatedir='${prefix}/com'
sysconfdir='${prefix}/etc'
target_alias=''

## ----------- ##
## confdefs.h. ##
## ----------- ##

/* confdefs.h */
#define PACKAGE_NAME "clipper"
#define PACKAGE_TARNAME "clipper"
#define PACKAGE_VERSION "2.1"
#define PACKAGE_STRING "clipper 2.1"
#define PACKAGE_BUGREPORT ""
#define PACKAGE_URL ""
#define PACKAGE "clipper"
#define VERSION "2.1"
#define STDC_HEADERS 1
#define HAVE_SYS_TYPES_H 1
#define HAVE_SYS_STAT_H 1
#define HAVE_STDLIB_H 1
#define HAVE_STRING_H 1
#define HAVE_MEMORY_H 1
#define HAVE_STRINGS_H 1
#define HAVE_INTTYPES_H 1
#define HAVE_STDINT_H 1
#define HAVE_UNISTD_H 1
#define HAVE_DLFCN_H 1
#define LT_OBJDIR ".libs/"
#define F77_FUNC(name,NAME) name ## _
#define F77_FUNC_(name,NAME) name ## _
#define HAVE_PTHREAD_PRIO_INHERIT 1
#define HAVE_PTHREAD 1

configure: exit 0
